[INFO  - 2018-06-03T15:40:49.262Z] GhostDriver - Main - running on port 60005
[INFO  - 2018-06-03T15:40:53.803Z] Session [8003f460-6744-11e8-b063-89325a573d15] - page.settings - {"XSSAuditingEnabled":false,"javascriptCanCloseWindows":true,"javascriptCanOpenWindows":true,"javascriptEnabled":true,"loadImages":true,"localToRemoteUrlAccessEnabled":false,"userAgent":"Mozilla/5.0 (Windows NT 6.2; WOW64) AppleWebKit/538.1 (KHTML, like Gecko) PhantomJS/2.1.1 Safari/538.1","webSecurityEnabled":true}
[INFO  - 2018-06-03T15:40:53.803Z] Session [8003f460-6744-11e8-b063-89325a573d15] - page.customHeaders:  - {}
[INFO  - 2018-06-03T15:40:53.803Z] Session [8003f460-6744-11e8-b063-89325a573d15] - Session.negotiatedCapabilities - {"browserName":"phantomjs","version":"2.1.1","driverName":"ghostdriver","driverVersion":"1.2.0","platform":"windows-10-32bit","javascriptEnabled":true,"takesScreenshot":true,"handlesAlerts":false,"databaseEnabled":false,"locationContextEnabled":false,"applicationCacheEnabled":false,"browserConnectionEnabled":false,"cssSelectorsEnabled":true,"webStorageEnabled":false,"rotatable":false,"acceptSslCerts":false,"nativeEvents":true,"proxy":{"proxyType":"direct"}}
[INFO  - 2018-06-03T15:40:53.803Z] SessionManagerReqHand - _postNewSessionCommand - New Session Created: 8003f460-6744-11e8-b063-89325a573d15
[ERROR - 2018-06-03T15:41:05.307Z] WebElementLocator - _handleLocateCommand - Element(s) NOT Found: GAVE UP. Search Stop Time: 1528040465296

  phantomjs://platform/console++.js:263 in error
[ERROR - 2018-06-03T15:41:06.938Z] WebElementLocator - _handleLocateCommand - Element(s) NOT Found: GAVE UP. Search Stop Time: 1528040466869

  phantomjs://platform/console++.js:263 in error
[ERROR - 2018-06-03T15:41:08.539Z] WebElementLocator - _handleLocateCommand - Element(s) NOT Found: GAVE UP. Search Stop Time: 1528040468499

  phantomjs://platform/console++.js:263 in error
[ERROR - 2018-06-03T15:41:10.089Z] WebElementLocator - _handleLocateCommand - Element(s) NOT Found: GAVE UP. Search Stop Time: 1528040470081

  phantomjs://platform/console++.js:263 in error
[ERROR - 2018-06-03T15:41:11.654Z] WebElementLocator - _handleLocateCommand - Element(s) NOT Found: GAVE UP. Search Stop Time: 1528040471648

  phantomjs://platform/console++.js:263 in error
[ERROR - 2018-06-03T15:41:13.232Z] WebElementLocator - _handleLocateCommand - Element(s) NOT Found: GAVE UP. Search Stop Time: 1528040473218

  phantomjs://platform/console++.js:263 in error
[ERROR - 2018-06-03T15:41:14.804Z] WebElementLocator - _handleLocateCommand - Element(s) NOT Found: GAVE UP. Search Stop Time: 1528040474796

  phantomjs://platform/console++.js:263 in error
[ERROR - 2018-06-03T15:41:16.351Z] WebElementLocator - _handleLocateCommand - Element(s) NOT Found: GAVE UP. Search Stop Time: 1528040476349

  phantomjs://platform/console++.js:263 in error
[ERROR - 2018-06-03T15:41:17.899Z] WebElementLocator - _handleLocateCommand - Element(s) NOT Found: GAVE UP. Search Stop Time: 1528040477897

  phantomjs://platform/console++.js:263 in error
[ERROR - 2018-06-03T15:41:19.511Z] WebElementLocator - _handleLocateCommand - Element(s) NOT Found: GAVE UP. Search Stop Time: 1528040479447

  phantomjs://platform/console++.js:263 in error
[ERROR - 2018-06-03T15:41:21.066Z] WebElementLocator - _handleLocateCommand - Element(s) NOT Found: GAVE UP. Search Stop Time: 1528040481058

  phantomjs://platform/console++.js:263 in error
[ERROR - 2018-06-03T15:41:22.633Z] WebElementLocator - _handleLocateCommand - Element(s) NOT Found: GAVE UP. Search Stop Time: 1528040482628

  phantomjs://platform/console++.js:263 in error
[ERROR - 2018-06-03T15:41:24.210Z] WebElementLocator - _handleLocateCommand - Element(s) NOT Found: GAVE UP. Search Stop Time: 1528040484189

  phantomjs://platform/console++.js:263 in error
[INFO  - 2018-06-03T15:45:49.270Z] SessionManagerReqHand - _cleanupWindowlessSessions - Asynchronous Sessions clean-up phase starting NOW
[INFO  - 2018-06-03T15:50:49.288Z] SessionManagerReqHand - _cleanupWindowlessSessions - Asynchronous Sessions clean-up phase starting NOW
[INFO  - 2018-06-03T15:55:49.289Z] SessionManagerReqHand - _cleanupWindowlessSessions - Asynchronous Sessions clean-up phase starting NOW
[INFO  - 2018-06-03T16:00:49.289Z] SessionManagerReqHand - _cleanupWindowlessSessions - Asynchronous Sessions clean-up phase starting NOW
[INFO  - 2018-06-03T16:05:49.301Z] SessionManagerReqHand - _cleanupWindowlessSessions - Asynchronous Sessions clean-up phase starting NOW
[INFO  - 2018-06-03T16:10:49.301Z] SessionManagerReqHand - _cleanupWindowlessSessions - Asynchronous Sessions clean-up phase starting NOW
[INFO  - 2018-06-03T16:15:49.302Z] SessionManagerReqHand - _cleanupWindowlessSessions - Asynchronous Sessions clean-up phase starting NOW
[INFO  - 2018-06-03T16:20:49.302Z] SessionManagerReqHand - _cleanupWindowlessSessions - Asynchronous Sessions clean-up phase starting NOW
[INFO  - 2018-06-03T16:25:49.304Z] SessionManagerReqHand - _cleanupWindowlessSessions - Asynchronous Sessions clean-up phase starting NOW
[INFO  - 2018-06-03T16:30:49.304Z] SessionManagerReqHand - _cleanupWindowlessSessions - Asynchronous Sessions clean-up phase starting NOW
